current directory: /home/compdriver/Desktop/railsWorkspace/DBandGoogleSpreadsheetSynch/thout/gems/yajl-ruby-1.2.3/ext/yajl
/usr/share/rvm/rubies/ruby-2.4.4/bin/ruby -r ./siteconf20181005-2561-1ak2371.rb extconf.rb
creating Makefile

current directory: /home/compdriver/Desktop/railsWorkspace/DBandGoogleSpreadsheetSynch/thout/gems/yajl-ruby-1.2.3/ext/yajl
make "DESTDIR=" clean

current directory: /home/compdriver/Desktop/railsWorkspace/DBandGoogleSpreadsheetSynch/thout/gems/yajl-ruby-1.2.3/ext/yajl
make "DESTDIR="
compiling yajl.c
compiling yajl_alloc.c
compiling yajl_buf.c
compiling yajl_encode.c
yajl_encode.c: In function ‘yajl_string_decode’:
yajl_encode.c:167:29: warning: ISO C90 forbids mixed declarations and code [-Wdeclaration-after-statement]
                             unsigned int surrogate = 0;
                             ^
yajl_encode.c: At top level:
cc1: warning: unrecognized command line option ‘-Wno-self-assign’
cc1: warning: unrecognized command line option ‘-Wno-constant-logical-operand’
cc1: warning: unrecognized command line option ‘-Wno-parentheses-equality’
cc1: warning: unrecognized command line option ‘-Wno-tautological-compare’
compiling yajl_ext.c
yajl_ext.c: In function ‘rb_yajl_parser_parse’:
yajl_ext.c:471:17: warning: variable ‘stat’ set but not used [-Wunused-but-set-variable]
     yajl_status stat;
                 ^
yajl_ext.c: At top level:
cc1: warning: unrecognized command line option ‘-Wno-self-assign’
cc1: warning: unrecognized command line option ‘-Wno-constant-logical-operand’
cc1: warning: unrecognized command line option ‘-Wno-parentheses-equality’
cc1: warning: unrecognized command line option ‘-Wno-tautological-compare’
compiling yajl_gen.c
compiling yajl_lex.c
compiling yajl_parser.c
compiling yajl_version.c
linking shared-object yajl/yajl.so

current directory: /home/compdriver/Desktop/railsWorkspace/DBandGoogleSpreadsheetSynch/thout/gems/yajl-ruby-1.2.3/ext/yajl
make "DESTDIR=" install
/usr/bin/install -m 0755 yajl.so ./.gem.20181005-2561-xpo2fa/yajl
